<?xml version="1.0" encoding="UTF-8"?>
<testng-results ignored="0" total="1" passed="1" failed="0" skipped="0">
  <reporter-output>
  </reporter-output>
  <suite started-at="2024-08-03T17:07:58 IST" name="Default suite" finished-at="2024-08-03T17:08:26 IST" duration-ms="28404">
    <groups>
    </groups>
    <test started-at="2024-08-03T17:07:58 IST" name="Default test" finished-at="2024-08-03T17:08:26 IST" duration-ms="28404">
      <class name="TestCases.Login">
        <test-method is-config="true" signature="setup()[pri:0, instance:TestCases.Login@2d2acd89]" started-at="2024-08-03T17:07:58 IST" name="setup" finished-at="2024-08-03T17:08:15 IST" duration-ms="17740" status="PASS">
          <reporter-output>
          </reporter-output>
        </test-method> <!-- setup -->
        <test-method signature="login_1()[pri:0, instance:TestCases.Login@2d2acd89]" started-at="2024-08-03T17:08:15 IST" name="login_1" finished-at="2024-08-03T17:08:23 IST" duration-ms="7083" status="PASS">
          <reporter-output>
          </reporter-output>
        </test-method> <!-- login_1 -->
        <test-method is-config="true" signature="cleanUp()[pri:0, instance:TestCases.Login@2d2acd89]" started-at="2024-08-03T17:08:23 IST" name="cleanUp" finished-at="2024-08-03T17:08:26 IST" duration-ms="3513" status="PASS">
          <reporter-output>
          </reporter-output>
        </test-method> <!-- cleanUp -->
      </class> <!-- TestCases.Login -->
    </test> <!-- Default test -->
  </suite> <!-- Default suite -->
</testng-results>
